<?xml version="1.0" encoding="UTF-8"?>
<testsuite name="project"
           tests="41"
           failures="2"
           errors="0"
           skipped="0"
           time="39.319">
  <properties />
            <testcase name="test_008_saveShbOrganization" time="0.171" classname="testcase.ProjectTestCase">
                <failure type="java.lang.AssertionError"
                  message="2 expectations failed.
JSON path code doesn&apos;t match.
Expected: &lt;1&gt;
  Actual: 0

JSON path message doesn&apos;t match.
Expected: 保存成功
  Actual: null
"
              >
<![CDATA[java.lang.AssertionError: 2 expectations failed.
JSON path code doesn't match.
Expected: <1>
  Actual: 0

JSON path message doesn't match.
Expected: 保存成功
  Actual: null

  sun.reflect.NativeConstructorAccessorImpl.newInstance0(Native Method)
  sun.reflect.NativeConstructorAccessorImpl.newInstance(NativeConstructorAccessorImpl.java:62)
  sun.reflect.DelegatingConstructorAccessorImpl.newInstance(DelegatingConstructorAccessorImpl.java:45)
  java.lang.reflect.Constructor.newInstance(Constructor.java:423)
  org.codehaus.groovy.reflection.CachedConstructor.invoke(CachedConstructor.java:83)
  org.codehaus.groovy.reflection.CachedConstructor.doConstructorInvoke(CachedConstructor.java:77)
  org.codehaus.groovy.runtime.callsite.ConstructorSite$ConstructorSiteNoUnwrap.callConstructor(ConstructorSite.java:84)
  org.codehaus.groovy.runtime.callsite.AbstractCallSite.callConstructor(AbstractCallSite.java:250)
  io.restassured.internal.ResponseSpecificationImpl$HamcrestAssertionClosure.validate(ResponseSpecificationImpl.groovy:494)
  io.restassured.internal.ResponseSpecificationImpl$HamcrestAssertionClosure$validate$3.call(Unknown Source)
  io.restassured.internal.RequestSpecificationImpl.applyPathParamsAndSendRequest(RequestSpecificationImpl.groovy:1750)
  sun.reflect.GeneratedMethodAccessor158.invoke(Unknown Source)
  sun.reflect.DelegatingMethodAccessorImpl.invoke(DelegatingMethodAccessorImpl.java:43)
  java.lang.reflect.Method.invoke(Method.java:498)
  org.codehaus.groovy.reflection.CachedMethod.invoke(CachedMethod.java:98)
  groovy.lang.MetaMethod.doMethodInvoke(MetaMethod.java:325)
  groovy.lang.MetaClassImpl.invokeMethod(MetaClassImpl.java:1225)
  groovy.lang.MetaClassImpl.invokeMethod(MetaClassImpl.java:1034)
  groovy.lang.MetaClassImpl.invokeMethod(MetaClassImpl.java:822)
  io.restassured.internal.RequestSpecificationImpl.invokeMethod(RequestSpecificationImpl.groovy)
  org.codehaus.groovy.runtime.callsite.PogoInterceptableSite.call(PogoInterceptableSite.java:47)
  org.codehaus.groovy.runtime.callsite.PogoInterceptableSite.callCurrent(PogoInterceptableSite.java:57)
  org.codehaus.groovy.runtime.callsite.AbstractCallSite.callCurrent(AbstractCallSite.java:185)
  io.restassured.internal.RequestSpecificationImpl.applyPathParamsAndSendRequest(RequestSpecificationImpl.groovy:1755)
  sun.reflect.GeneratedMethodAccessor156.invoke(Unknown Source)
  sun.reflect.DelegatingMethodAccessorImpl.invoke(DelegatingMethodAccessorImpl.java:43)
  java.lang.reflect.Method.invoke(Method.java:498)
  org.codehaus.groovy.reflection.CachedMethod.invoke(CachedMethod.java:98)
  groovy.lang.MetaMethod.doMethodInvoke(MetaMethod.java:325)
  groovy.lang.MetaClassImpl.invokeMethod(MetaClassImpl.java:1225)
  groovy.lang.MetaClassImpl.invokeMethod(MetaClassImpl.java:1034)
  groovy.lang.MetaClassImpl.invokeMethod(MetaClassImpl.java:822)
  io.restassured.internal.RequestSpecificationImpl.invokeMethod(RequestSpecificationImpl.groovy)
  org.codehaus.groovy.runtime.callsite.PogoInterceptableSite.call(PogoInterceptableSite.java:47)
  org.codehaus.groovy.runtime.callsite.PogoInterceptableSite.callCurrent(PogoInterceptableSite.java:57)
  org.codehaus.groovy.runtime.callsite.AbstractCallSite.callCurrent(AbstractCallSite.java:185)
  io.restassured.internal.RequestSpecificationImpl.post(RequestSpecificationImpl.groovy:175)
  io.restassured.internal.RequestSpecificationImpl.post(RequestSpecificationImpl.groovy)
  testcase.BaseTestCase.sendRequest(BaseTestCase.java:101)
  testcase.BaseTest.startPerformTest(BaseTest.java:140)
  testcase.ProjectTestCase.test_008_saveShbOrganization(ProjectTestCase.java:167)
  sun.reflect.NativeMethodAccessorImpl.invoke0(Native Method)
  sun.reflect.NativeMethodAccessorImpl.invoke(NativeMethodAccessorImpl.java:62)
  sun.reflect.DelegatingMethodAccessorImpl.invoke(DelegatingMethodAccessorImpl.java:43)
  java.lang.reflect.Method.invoke(Method.java:498)
  org.testng.internal.MethodInvocationHelper.invokeMethod(MethodInvocationHelper.java:124)
  org.testng.internal.Invoker.invokeMethod(Invoker.java:583)
  org.testng.internal.Invoker.invokeTestMethod(Invoker.java:719)
  org.testng.internal.Invoker.invokeTestMethods(Invoker.java:989)
  org.testng.internal.TestMethodWorker.invokeTestMethods(TestMethodWorker.java:125)
  org.testng.internal.TestMethodWorker.run(TestMethodWorker.java:109)
  org.testng.TestRunner.privateRun(TestRunner.java:648)
  org.testng.TestRunner.run(TestRunner.java:505)
  org.testng.SuiteRunner.runTest(SuiteRunner.java:455)
  org.testng.SuiteRunner.access$000(SuiteRunner.java:40)
  org.testng.SuiteRunner$SuiteWorker.run(SuiteRunner.java:489)
  org.testng.internal.thread.ThreadUtil$1.call(ThreadUtil.java:52)
  java.util.concurrent.FutureTask.run(FutureTask.java:266)
  java.util.concurrent.ThreadPoolExecutor.runWorker(ThreadPoolExecutor.java:1142)
  java.util.concurrent.ThreadPoolExecutor$Worker.run(ThreadPoolExecutor.java:617)
  java.lang.Thread.run(Thread.java:745)
]]>
      </failure>

          </testcase>
            <testcase name="test_005_saveShbOrganization" time="0.478" classname="testcase.ProjectTestCase">
                <failure type="java.lang.AssertionError"
                  message="2 expectations failed.
JSON path code doesn&apos;t match.
Expected: &lt;1&gt;
  Actual: 0

JSON path message doesn&apos;t match.
Expected: 保存成功
  Actual: null
"
              >
<![CDATA[java.lang.AssertionError: 2 expectations failed.
JSON path code doesn't match.
Expected: <1>
  Actual: 0

JSON path message doesn't match.
Expected: 保存成功
  Actual: null

  sun.reflect.NativeConstructorAccessorImpl.newInstance0(Native Method)
  sun.reflect.NativeConstructorAccessorImpl.newInstance(NativeConstructorAccessorImpl.java:62)
  sun.reflect.DelegatingConstructorAccessorImpl.newInstance(DelegatingConstructorAccessorImpl.java:45)
  java.lang.reflect.Constructor.newInstance(Constructor.java:423)
  org.codehaus.groovy.reflection.CachedConstructor.invoke(CachedConstructor.java:83)
  org.codehaus.groovy.reflection.CachedConstructor.doConstructorInvoke(CachedConstructor.java:77)
  org.codehaus.groovy.runtime.callsite.ConstructorSite$ConstructorSiteNoUnwrap.callConstructor(ConstructorSite.java:84)
  org.codehaus.groovy.runtime.callsite.CallSiteArray.defaultCallConstructor(CallSiteArray.java:59)
  org.codehaus.groovy.runtime.callsite.AbstractCallSite.callConstructor(AbstractCallSite.java:238)
  org.codehaus.groovy.runtime.callsite.AbstractCallSite.callConstructor(AbstractCallSite.java:250)
  io.restassured.internal.ResponseSpecificationImpl$HamcrestAssertionClosure.validate(ResponseSpecificationImpl.groovy:494)
  io.restassured.internal.ResponseSpecificationImpl$HamcrestAssertionClosure$validate$3.call(Unknown Source)
  io.restassured.internal.RequestSpecificationImpl.applyPathParamsAndSendRequest(RequestSpecificationImpl.groovy:1750)
  sun.reflect.GeneratedMethodAccessor158.invoke(Unknown Source)
  sun.reflect.DelegatingMethodAccessorImpl.invoke(DelegatingMethodAccessorImpl.java:43)
  java.lang.reflect.Method.invoke(Method.java:498)
  org.codehaus.groovy.reflection.CachedMethod.invoke(CachedMethod.java:98)
  groovy.lang.MetaMethod.doMethodInvoke(MetaMethod.java:325)
  groovy.lang.MetaClassImpl.invokeMethod(MetaClassImpl.java:1225)
  groovy.lang.MetaClassImpl.invokeMethod(MetaClassImpl.java:1034)
  groovy.lang.MetaClassImpl.invokeMethod(MetaClassImpl.java:822)
  io.restassured.internal.RequestSpecificationImpl.invokeMethod(RequestSpecificationImpl.groovy)
  org.codehaus.groovy.runtime.callsite.PogoInterceptableSite.call(PogoInterceptableSite.java:47)
  org.codehaus.groovy.runtime.callsite.PogoInterceptableSite.callCurrent(PogoInterceptableSite.java:57)
  org.codehaus.groovy.runtime.callsite.AbstractCallSite.callCurrent(AbstractCallSite.java:185)
  io.restassured.internal.RequestSpecificationImpl.applyPathParamsAndSendRequest(RequestSpecificationImpl.groovy:1755)
  sun.reflect.GeneratedMethodAccessor156.invoke(Unknown Source)
  sun.reflect.DelegatingMethodAccessorImpl.invoke(DelegatingMethodAccessorImpl.java:43)
  java.lang.reflect.Method.invoke(Method.java:498)
  org.codehaus.groovy.reflection.CachedMethod.invoke(CachedMethod.java:98)
  groovy.lang.MetaMethod.doMethodInvoke(MetaMethod.java:325)
  groovy.lang.MetaClassImpl.invokeMethod(MetaClassImpl.java:1225)
  groovy.lang.MetaClassImpl.invokeMethod(MetaClassImpl.java:1034)
  groovy.lang.MetaClassImpl.invokeMethod(MetaClassImpl.java:822)
  io.restassured.internal.RequestSpecificationImpl.invokeMethod(RequestSpecificationImpl.groovy)
  org.codehaus.groovy.runtime.callsite.PogoInterceptableSite.call(PogoInterceptableSite.java:47)
  org.codehaus.groovy.runtime.callsite.PogoInterceptableSite.callCurrent(PogoInterceptableSite.java:57)
  org.codehaus.groovy.runtime.callsite.AbstractCallSite.callCurrent(AbstractCallSite.java:185)
  io.restassured.internal.RequestSpecificationImpl.post(RequestSpecificationImpl.groovy:175)
  io.restassured.internal.RequestSpecificationImpl.post(RequestSpecificationImpl.groovy)
  testcase.BaseTestCase.sendRequest(BaseTestCase.java:101)
  testcase.BaseTest.startPerformTest(BaseTest.java:140)
  testcase.ProjectTestCase.test_005_saveShbOrganization(ProjectTestCase.java:132)
  sun.reflect.NativeMethodAccessorImpl.invoke0(Native Method)
  sun.reflect.NativeMethodAccessorImpl.invoke(NativeMethodAccessorImpl.java:62)
  sun.reflect.DelegatingMethodAccessorImpl.invoke(DelegatingMethodAccessorImpl.java:43)
  java.lang.reflect.Method.invoke(Method.java:498)
  org.testng.internal.MethodInvocationHelper.invokeMethod(MethodInvocationHelper.java:124)
  org.testng.internal.Invoker.invokeMethod(Invoker.java:583)
  org.testng.internal.Invoker.invokeTestMethod(Invoker.java:719)
  org.testng.internal.Invoker.invokeTestMethods(Invoker.java:989)
  org.testng.internal.TestMethodWorker.invokeTestMethods(TestMethodWorker.java:125)
  org.testng.internal.TestMethodWorker.run(TestMethodWorker.java:109)
  org.testng.TestRunner.privateRun(TestRunner.java:648)
  org.testng.TestRunner.run(TestRunner.java:505)
  org.testng.SuiteRunner.runTest(SuiteRunner.java:455)
  org.testng.SuiteRunner.access$000(SuiteRunner.java:40)
  org.testng.SuiteRunner$SuiteWorker.run(SuiteRunner.java:489)
  org.testng.internal.thread.ThreadUtil$1.call(ThreadUtil.java:52)
  java.util.concurrent.FutureTask.run(FutureTask.java:266)
  java.util.concurrent.ThreadPoolExecutor.runWorker(ThreadPoolExecutor.java:1142)
  java.util.concurrent.ThreadPoolExecutor$Worker.run(ThreadPoolExecutor.java:617)
  java.lang.Thread.run(Thread.java:745)
]]>
      </failure>

          </testcase>
  
  
            <testcase name="test_015_findExistUserTelephone" time="0.094" classname="testcase.ProjectTestCase" />
                <testcase name="test_004_findOrganizationTreeByOrgId" time="0.121" classname="testcase.ProjectTestCase" />
                <testcase name="test_035_getDictByDicTypeKey" time="0.074" classname="testcase.ProjectTestCase" />
                <testcase name="test_033_exportShbSummary" time="1.162" classname="testcase.ProjectTestCase" />
                <testcase name="test_036_findByPage" time="0.725" classname="testcase.ProjectTestCase" />
                <testcase name="test_037_findByPage" time="0.712" classname="testcase.ProjectTestCase" />
                <testcase name="test_024_getTableColumnSettings" time="0.211" classname="testcase.ProjectTestCase" />
                <testcase name="test_021_generateUserCode" time="0.362" classname="testcase.ProjectTestCase" />
                <testcase name="test_025_findOrganizationTreeByOrgId" time="0.313" classname="testcase.ProjectTestCase" />
                <testcase name="test_030_findOrganizationTreeByOrgId" time="0.293" classname="testcase.ProjectTestCase" />
                <testcase name="test_013_saveShbUser" time="0.477" classname="testcase.ProjectTestCase" />
                <testcase name="test_009_getTableColumnSettings" time="0.260" classname="testcase.ProjectTestCase" />
                <testcase name="test_003_findOrganizationTreeByOrgId" time="0.595" classname="testcase.ProjectTestCase" />
                <testcase name="test_018_operateByUserId" time="0.492" classname="testcase.ProjectTestCase" />
                <testcase name="test_022_generateAccount" time="0.721" classname="testcase.ProjectTestCase" />
                <testcase name="test_040_initShbUserByOrgId" time="0.070" classname="testcase.ProjectTestCase" />
                <testcase name="test_016_findByPage" time="0.574" classname="testcase.ProjectTestCase" />
                <testcase name="test_007_findOrganizationByOrgId" time="0.152" classname="testcase.ProjectTestCase" />
                <testcase name="test_041_saveShbRefuelBag" time="0.969" classname="testcase.ProjectTestCase" />
                <testcase name="test_032_findSummaryByPage" time="0.768" classname="testcase.ProjectTestCase" />
                <testcase name="test_020_resetPwd" time="0.416" classname="testcase.ProjectTestCase" />
                <testcase name="test_014_findExistUserTelephone" time="0.120" classname="testcase.ProjectTestCase" />
                <testcase name="test_034_getTableColumnSettings" time="0.234" classname="testcase.ProjectTestCase" />
                <testcase name="test_002_findOrganizationTreeByOrgId" time="0.178" classname="testcase.ProjectTestCase" />
                <testcase name="test_026_findByPage" time="0.666" classname="testcase.ProjectTestCase" />
                <testcase name="test_012_findByPage" time="0.215" classname="testcase.ProjectTestCase" />
                <testcase name="test_027_findByPage" time="0.791" classname="testcase.ProjectTestCase" />
                <testcase name="test_029_getTableColumnSettings" time="0.244" classname="testcase.ProjectTestCase" />
                <testcase name="test_017_getShbUserById" time="0.253" classname="testcase.ProjectTestCase" />
                <testcase name="test_038_findOrganizationTreeByOrgId" time="0.751" classname="testcase.ProjectTestCase" />
                <testcase name="test_010_findOrganizationTreeByOrgId" time="0.364" classname="testcase.ProjectTestCase" />
                <testcase name="test_001_getDictByDicTypeKey" time="1.209" classname="testcase.ProjectTestCase" />
                <testcase name="test_019_operateByUserId" time="0.527" classname="testcase.ProjectTestCase" />
                <testcase name="test_031_findSummaryByPage" time="0.489" classname="testcase.ProjectTestCase" />
                <testcase name="test_028_exportShbSignature" time="0.960" classname="testcase.ProjectTestCase" />
                <testcase name="test_006_findOrganizationTreeByOrgId" time="0.401" classname="testcase.ProjectTestCase" />
                <testcase name="test_023_exportShbUser" time="20.448" classname="testcase.ProjectTestCase" />
                <testcase name="test_039_saveShbSetMeal" time="1.156" classname="testcase.ProjectTestCase" />
                <testcase name="test_011_getDictByDicTypeKey" time="0.103" classname="testcase.ProjectTestCase" />
      
</testsuite>
